
12월 21, 2021 13:04:16.193 NEW SESSION
12월 21, 2021 13:04:16.193 [2264:11220:1221/130416.188:ERROR:chrome_browser_main_extra_parts_metrics.cc(226)] crbug.com/1216328: Checking Bluetooth availability started. Please report if there is no report that this ends.
12월 21, 2021 13:04:16.195 [2264:11220:1221/130416.188:ERROR:chrome_browser_main_extra_parts_metrics.cc(229)] crbug.com/1216328: Checking Bluetooth availability ended.
12월 21, 2021 13:04:16.196 [2264:11220:1221/130416.188:ERROR:chrome_browser_main_extra_parts_metrics.cc(232)] crbug.com/1216328: Checking default browser status started. Please report if there is no report that this ends.
12월 21, 2021 13:04:16.197 [2264:11220:1221/130416.193:ERROR:chrome_browser_main_extra_parts_metrics.cc(236)] crbug.com/1216328: Checking default browser status ended.
12월 21, 2021 13:04:16.241 [2264:11932:1221/130416.240:ERROR:device_event_log_impl.cc(214)] [13:04:16.239] Bluetooth: bluetooth_adapter_winrt.cc:1075 Getting Default Adapter failed.

12월 27, 2021 15:10:34.404 NEW SESSION
12월 27, 2021 15:10:34.405 [4928:3152:1227/151034.400:ERROR:chrome_browser_main_extra_parts_metrics.cc(226)] crbug.com/1216328: Checking Bluetooth availability started. Please report if there is no report that this ends.
12월 27, 2021 15:10:34.406 [4928:3152:1227/151034.400:ERROR:chrome_browser_main_extra_parts_metrics.cc(229)] crbug.com/1216328: Checking Bluetooth availability ended.
12월 27, 2021 15:10:34.408 [4928:3152:1227/151034.400:ERROR:chrome_browser_main_extra_parts_metrics.cc(232)] crbug.com/1216328: Checking default browser status started. Please report if there is no report that this ends.
12월 27, 2021 15:10:34.409 [4928:3152:1227/151034.406:ERROR:chrome_browser_main_extra_parts_metrics.cc(236)] crbug.com/1216328: Checking default browser status ended.
12월 27, 2021 15:10:34.444 [4928:6304:1227/151034.444:ERROR:device_event_log_impl.cc(214)] [15:10:34.444] Bluetooth: bluetooth_adapter_winrt.cc:1075 Getting Default Adapter failed.
12월 27, 2021 15:26:49.997 [4928:6304:1227/152649.996:ERROR:CONSOLE(1)] "Request Network.loadNetworkResource failed. {"code":-32602,"message":"Frame not found"}", source: devtools://devtools/bundled/devtools-frontend/front_end/core/protocol_client/protocol_client.js (1)
12월 27, 2021 15:26:49.998 [4928:6304:1227/152649.998:ERROR:CONSOLE(1)] "Request Network.loadNetworkResource failed. {"code":-32602,"message":"Frame not found"}", source: devtools://devtools/bundled/devtools-frontend/front_end/core/protocol_client/protocol_client.js (1)
12월 27, 2021 15:26:49.999 [4928:6304:1227/152649.998:ERROR:CONSOLE(1)] "Request Network.loadNetworkResource failed. {"code":-32602,"message":"Frame not found"}", source: devtools://devtools/bundled/devtools-frontend/front_end/core/protocol_client/protocol_client.js (1)
12월 27, 2021 15:26:49.999 [4928:6304:1227/152649.998:ERROR:CONSOLE(1)] "Request Network.loadNetworkResource failed. {"code":-32602,"message":"Frame not found"}", source: devtools://devtools/bundled/devtools-frontend/front_end/core/protocol_client/protocol_client.js (1)
12월 27, 2021 15:26:50.00 [4928:6304:1227/152649.999:ERROR:CONSOLE(1)] "Request Network.loadNetworkResource failed. {"code":-32602,"message":"Frame not found"}", source: devtools://devtools/bundled/devtools-frontend/front_end/core/protocol_client/protocol_client.js (1)
12월 27, 2021 15:33:02.327 [4928:6304:1227/153302.327:ERROR:CONSOLE(1)] "console.assert", source: devtools://devtools/bundled/devtools-frontend/front_end/core/sdk/sdk.js (1)
12월 27, 2021 15:33:02.328 [4928:6304:1227/153302.327:ERROR:CONSOLE(1)] "console.assert", source: devtools://devtools/bundled/devtools-frontend/front_end/core/sdk/sdk.js (1)
12월 27, 2021 15:33:02.328 [4928:6304:1227/153302.327:ERROR:CONSOLE(1)] "console.assert", source: devtools://devtools/bundled/devtools-frontend/front_end/core/sdk/sdk.js (1)
12월 27, 2021 15:42:14.889 [4928:6304:1227/154214.888:ERROR:CONSOLE(1)] "console.assert", source: devtools://devtools/bundled/devtools-frontend/front_end/core/sdk/sdk.js (1)
12월 27, 2021 15:42:14.889 [4928:6304:1227/154214.888:ERROR:CONSOLE(1)] "console.assert", source: devtools://devtools/bundled/devtools-frontend/front_end/core/sdk/sdk.js (1)
12월 27, 2021 15:42:14.890 [4928:6304:1227/154214.888:ERROR:CONSOLE(1)] "console.assert", source: devtools://devtools/bundled/devtools-frontend/front_end/core/sdk/sdk.js (1)
12월 27, 2021 15:43:58.495 [4928:6304:1227/154358.494:ERROR:CONSOLE(1)] "console.assert", source: devtools://devtools/bundled/devtools-frontend/front_end/core/sdk/sdk.js (1)
12월 27, 2021 15:43:58.495 [4928:6304:1227/154358.494:ERROR:CONSOLE(1)] "console.assert", source: devtools://devtools/bundled/devtools-frontend/front_end/core/sdk/sdk.js (1)
12월 27, 2021 15:43:58.496 [4928:6304:1227/154358.494:ERROR:CONSOLE(1)] "console.assert", source: devtools://devtools/bundled/devtools-frontend/front_end/core/sdk/sdk.js (1)
12월 27, 2021 15:43:58.496 [4928:6304:1227/154358.494:ERROR:CONSOLE(1)] "console.assert", source: devtools://devtools/bundled/devtools-frontend/front_end/core/sdk/sdk.js (1)
12월 27, 2021 15:43:58.496 [4928:6304:1227/154358.495:ERROR:CONSOLE(1)] "console.assert", source: devtools://devtools/bundled/devtools-frontend/front_end/core/sdk/sdk.js (1)
12월 27, 2021 16:05:30.383 [11380:5776:1227/160530.382:ERROR:chrome_browser_main_extra_parts_metrics.cc(226)] crbug.com/1216328: Checking Bluetooth availability started. Please report if there is no report that this ends.
12월 27, 2021 16:05:30.384 [11380:5776:1227/160530.382:ERROR:chrome_browser_main_extra_parts_metrics.cc(229)] crbug.com/1216328: Checking Bluetooth availability ended.
12월 27, 2021 16:05:30.385 [11380:5776:1227/160530.382:ERROR:chrome_browser_main_extra_parts_metrics.cc(232)] crbug.com/1216328: Checking default browser status started. Please report if there is no report that this ends.
12월 27, 2021 16:05:30.388 [11380:5776:1227/160530.387:ERROR:chrome_browser_main_extra_parts_metrics.cc(236)] crbug.com/1216328: Checking default browser status ended.
12월 27, 2021 16:05:30.434 [11380:3872:1227/160530.434:ERROR:device_event_log_impl.cc(214)] [16:05:30.434] Bluetooth: bluetooth_adapter_winrt.cc:1075 Getting Default Adapter failed.
12월 27, 2021 16:09:11.113 [10316:436:1227/160911.113:ERROR:chrome_browser_main_extra_parts_metrics.cc(226)] crbug.com/1216328: Checking Bluetooth availability started. Please report if there is no report that this ends.
12월 27, 2021 16:09:11.114 [10316:436:1227/160911.113:ERROR:chrome_browser_main_extra_parts_metrics.cc(229)] crbug.com/1216328: Checking Bluetooth availability ended.
12월 27, 2021 16:09:11.115 [10316:436:1227/160911.113:ERROR:chrome_browser_main_extra_parts_metrics.cc(232)] crbug.com/1216328: Checking default browser status started. Please report if there is no report that this ends.
12월 27, 2021 16:09:11.118 [10316:436:1227/160911.117:ERROR:chrome_browser_main_extra_parts_metrics.cc(236)] crbug.com/1216328: Checking default browser status ended.
12월 27, 2021 16:09:11.156 [10316:6884:1227/160911.156:ERROR:device_event_log_impl.cc(214)] [16:09:11.156] Bluetooth: bluetooth_adapter_winrt.cc:1075 Getting Default Adapter failed.
12월 27, 2021 16:13:44.515 [9588:6844:1227/161344.515:ERROR:chrome_browser_main_extra_parts_metrics.cc(226)] crbug.com/1216328: Checking Bluetooth availability started. Please report if there is no report that this ends.
12월 27, 2021 16:13:44.516 [9588:6844:1227/161344.515:ERROR:chrome_browser_main_extra_parts_metrics.cc(229)] crbug.com/1216328: Checking Bluetooth availability ended.
12월 27, 2021 16:13:44.516 [9588:6844:1227/161344.515:ERROR:chrome_browser_main_extra_parts_metrics.cc(232)] crbug.com/1216328: Checking default browser status started. Please report if there is no report that this ends.
12월 27, 2021 16:13:44.524 [9588:6844:1227/161344.523:ERROR:chrome_browser_main_extra_parts_metrics.cc(236)] crbug.com/1216328: Checking default browser status ended.
12월 27, 2021 16:13:44.535 [9588:728:1227/161344.535:ERROR:device_event_log_impl.cc(214)] [16:13:44.534] Bluetooth: bluetooth_adapter_winrt.cc:1075 Getting Default Adapter failed.
12월 27, 2021 16:14:36.501 [12384:11600:1227/161436.500:ERROR:chrome_browser_main_extra_parts_metrics.cc(226)] crbug.com/1216328: Checking Bluetooth availability started. Please report if there is no report that this ends.
12월 27, 2021 16:14:36.503 [12384:11600:1227/161436.500:ERROR:chrome_browser_main_extra_parts_metrics.cc(229)] crbug.com/1216328: Checking Bluetooth availability ended.
12월 27, 2021 16:14:36.504 [12384:11600:1227/161436.500:ERROR:chrome_browser_main_extra_parts_metrics.cc(232)] crbug.com/1216328: Checking default browser status started. Please report if there is no report that this ends.
12월 27, 2021 16:14:36.506 [12384:11600:1227/161436.505:ERROR:chrome_browser_main_extra_parts_metrics.cc(236)] crbug.com/1216328: Checking default browser status ended.
12월 27, 2021 16:14:36.540 [12384:12792:1227/161436.539:ERROR:device_event_log_impl.cc(214)] [16:14:36.539] Bluetooth: bluetooth_adapter_winrt.cc:1075 Getting Default Adapter failed.

12월 29, 2021 15:57:41.583 NEW SESSION
12월 29, 2021 15:57:41.584 [2456:9796:1229/155741.582:ERROR:chrome_browser_main_extra_parts_metrics.cc(226)] crbug.com/1216328: Checking Bluetooth availability started. Please report if there is no report that this ends.
12월 29, 2021 15:57:41.585 [2456:9796:1229/155741.582:ERROR:chrome_browser_main_extra_parts_metrics.cc(229)] crbug.com/1216328: Checking Bluetooth availability ended.
12월 29, 2021 15:57:41.586 [2456:9796:1229/155741.582:ERROR:chrome_browser_main_extra_parts_metrics.cc(232)] crbug.com/1216328: Checking default browser status started. Please report if there is no report that this ends.
12월 29, 2021 15:57:41.586 [2456:9796:1229/155741.583:ERROR:chrome_browser_main_extra_parts_metrics.cc(236)] crbug.com/1216328: Checking default browser status ended.
12월 29, 2021 15:57:41.600 [2456:1860:1229/155741.600:ERROR:device_event_log_impl.cc(214)] [15:57:41.599] Bluetooth: bluetooth_adapter_winrt.cc:1075 Getting Default Adapter failed.
12월 29, 2021 16:16:43.451 [11316:6900:1229/161643.450:ERROR:chrome_browser_main_extra_parts_metrics.cc(226)] crbug.com/1216328: Checking Bluetooth availability started. Please report if there is no report that this ends.
12월 29, 2021 16:16:43.453 [11316:6900:1229/161643.451:ERROR:chrome_browser_main_extra_parts_metrics.cc(229)] crbug.com/1216328: Checking Bluetooth availability ended.
12월 29, 2021 16:16:43.454 [11316:6900:1229/161643.451:ERROR:chrome_browser_main_extra_parts_metrics.cc(232)] crbug.com/1216328: Checking default browser status started. Please report if there is no report that this ends.
12월 29, 2021 16:16:43.457 [11316:6900:1229/161643.456:ERROR:chrome_browser_main_extra_parts_metrics.cc(236)] crbug.com/1216328: Checking default browser status ended.
12월 29, 2021 16:16:43.508 [11316:7504:1229/161643.508:ERROR:device_event_log_impl.cc(214)] [16:16:43.507] Bluetooth: bluetooth_adapter_winrt.cc:1075 Getting Default Adapter failed.
12월 29, 2021 16:18:06.209 [10816:2572:1229/161806.208:ERROR:chrome_browser_main_extra_parts_metrics.cc(226)] crbug.com/1216328: Checking Bluetooth availability started. Please report if there is no report that this ends.
12월 29, 2021 16:18:06.210 [10816:2572:1229/161806.208:ERROR:chrome_browser_main_extra_parts_metrics.cc(229)] crbug.com/1216328: Checking Bluetooth availability ended.
12월 29, 2021 16:18:06.211 [10816:2572:1229/161806.208:ERROR:chrome_browser_main_extra_parts_metrics.cc(232)] crbug.com/1216328: Checking default browser status started. Please report if there is no report that this ends.
12월 29, 2021 16:18:06.214 [10816:2572:1229/161806.213:ERROR:chrome_browser_main_extra_parts_metrics.cc(236)] crbug.com/1216328: Checking default browser status ended.
12월 29, 2021 16:18:06.246 [10816:12388:1229/161806.246:ERROR:device_event_log_impl.cc(214)] [16:18:06.246] Bluetooth: bluetooth_adapter_winrt.cc:1075 Getting Default Adapter failed.
12월 29, 2021 16:19:04.857 [7124:1224:1229/161904.856:ERROR:chrome_browser_main_extra_parts_metrics.cc(226)] crbug.com/1216328: Checking Bluetooth availability started. Please report if there is no report that this ends.
12월 29, 2021 16:19:04.858 [7124:1224:1229/161904.856:ERROR:chrome_browser_main_extra_parts_metrics.cc(229)] crbug.com/1216328: Checking Bluetooth availability ended.
12월 29, 2021 16:19:04.859 [7124:1224:1229/161904.856:ERROR:chrome_browser_main_extra_parts_metrics.cc(232)] crbug.com/1216328: Checking default browser status started. Please report if there is no report that this ends.
12월 29, 2021 16:19:04.862 [7124:1224:1229/161904.862:ERROR:chrome_browser_main_extra_parts_metrics.cc(236)] crbug.com/1216328: Checking default browser status ended.
12월 29, 2021 16:19:04.896 [7124:11904:1229/161904.896:ERROR:device_event_log_impl.cc(214)] [16:19:04.896] Bluetooth: bluetooth_adapter_winrt.cc:1075 Getting Default Adapter failed.
12월 29, 2021 16:21:43.604 [7636:5840:1229/162143.603:ERROR:chrome_browser_main_extra_parts_metrics.cc(226)] crbug.com/1216328: Checking Bluetooth availability started. Please report if there is no report that this ends.
12월 29, 2021 16:21:43.605 [7636:5840:1229/162143.603:ERROR:chrome_browser_main_extra_parts_metrics.cc(229)] crbug.com/1216328: Checking Bluetooth availability ended.
12월 29, 2021 16:21:43.606 [7636:5840:1229/162143.603:ERROR:chrome_browser_main_extra_parts_metrics.cc(232)] crbug.com/1216328: Checking default browser status started. Please report if there is no report that this ends.
12월 29, 2021 16:21:43.609 [7636:5840:1229/162143.608:ERROR:chrome_browser_main_extra_parts_metrics.cc(236)] crbug.com/1216328: Checking default browser status ended.
12월 29, 2021 16:21:43.655 [7636:4448:1229/162143.655:ERROR:device_event_log_impl.cc(214)] [16:21:43.655] Bluetooth: bluetooth_adapter_winrt.cc:1075 Getting Default Adapter failed.
12월 29, 2021 16:22:54.394 [8824:9856:1229/162254.393:ERROR:chrome_browser_main_extra_parts_metrics.cc(226)] crbug.com/1216328: Checking Bluetooth availability started. Please report if there is no report that this ends.
12월 29, 2021 16:22:54.395 [8824:9856:1229/162254.393:ERROR:chrome_browser_main_extra_parts_metrics.cc(229)] crbug.com/1216328: Checking Bluetooth availability ended.
12월 29, 2021 16:22:54.396 [8824:9856:1229/162254.393:ERROR:chrome_browser_main_extra_parts_metrics.cc(232)] crbug.com/1216328: Checking default browser status started. Please report if there is no report that this ends.
12월 29, 2021 16:22:54.398 [8824:9856:1229/162254.398:ERROR:chrome_browser_main_extra_parts_metrics.cc(236)] crbug.com/1216328: Checking default browser status ended.
12월 29, 2021 16:22:54.441 [8824:11040:1229/162254.441:ERROR:device_event_log_impl.cc(214)] [16:22:54.441] Bluetooth: bluetooth_adapter_winrt.cc:1075 Getting Default Adapter failed.
12월 29, 2021 16:24:25.647 [8528:3164:1229/162425.646:ERROR:chrome_browser_main_extra_parts_metrics.cc(226)] crbug.com/1216328: Checking Bluetooth availability started. Please report if there is no report that this ends.
12월 29, 2021 16:24:25.648 [8528:3164:1229/162425.646:ERROR:chrome_browser_main_extra_parts_metrics.cc(229)] crbug.com/1216328: Checking Bluetooth availability ended.
12월 29, 2021 16:24:25.649 [8528:3164:1229/162425.646:ERROR:chrome_browser_main_extra_parts_metrics.cc(232)] crbug.com/1216328: Checking default browser status started. Please report if there is no report that this ends.
12월 29, 2021 16:24:25.650 [8528:3164:1229/162425.650:ERROR:chrome_browser_main_extra_parts_metrics.cc(236)] crbug.com/1216328: Checking default browser status ended.
12월 29, 2021 16:24:25.675 [8528:5268:1229/162425.675:ERROR:device_event_log_impl.cc(214)] [16:24:25.675] Bluetooth: bluetooth_adapter_winrt.cc:1075 Getting Default Adapter failed.
12월 29, 2021 16:25:17.172 [896:1528:1229/162517.171:ERROR:chrome_browser_main_extra_parts_metrics.cc(226)] crbug.com/1216328: Checking Bluetooth availability started. Please report if there is no report that this ends.
12월 29, 2021 16:25:17.173 [896:1528:1229/162517.171:ERROR:chrome_browser_main_extra_parts_metrics.cc(229)] crbug.com/1216328: Checking Bluetooth availability ended.
12월 29, 2021 16:25:17.174 [896:1528:1229/162517.171:ERROR:chrome_browser_main_extra_parts_metrics.cc(232)] crbug.com/1216328: Checking default browser status started. Please report if there is no report that this ends.
12월 29, 2021 16:25:17.176 [896:1528:1229/162517.176:ERROR:chrome_browser_main_extra_parts_metrics.cc(236)] crbug.com/1216328: Checking default browser status ended.
12월 29, 2021 16:25:17.224 [896:6404:1229/162517.223:ERROR:device_event_log_impl.cc(214)] [16:25:17.224] Bluetooth: bluetooth_adapter_winrt.cc:1075 Getting Default Adapter failed.
12월 29, 2021 16:27:28.696 [8548:9924:1229/162728.696:ERROR:chrome_browser_main_extra_parts_metrics.cc(226)] crbug.com/1216328: Checking Bluetooth availability started. Please report if there is no report that this ends.
12월 29, 2021 16:27:28.696 [8548:9924:1229/162728.696:ERROR:chrome_browser_main_extra_parts_metrics.cc(229)] crbug.com/1216328: Checking Bluetooth availability ended.
12월 29, 2021 16:27:28.696 [8548:9924:1229/162728.696:ERROR:chrome_browser_main_extra_parts_metrics.cc(232)] crbug.com/1216328: Checking default browser status started. Please report if there is no report that this ends.
12월 29, 2021 16:27:28.697 [8548:9924:1229/162728.697:ERROR:chrome_browser_main_extra_parts_metrics.cc(236)] crbug.com/1216328: Checking default browser status ended.
12월 29, 2021 16:27:28.728 [8548:12372:1229/162728.727:ERROR:device_event_log_impl.cc(214)] [16:27:28.728] Bluetooth: bluetooth_adapter_winrt.cc:1075 Getting Default Adapter failed.
12월 29, 2021 16:28:11.340 [12116:7912:1229/162811.339:ERROR:chrome_browser_main_extra_parts_metrics.cc(226)] crbug.com/1216328: Checking Bluetooth availability started. Please report if there is no report that this ends.
12월 29, 2021 16:28:11.341 [12116:7912:1229/162811.339:ERROR:chrome_browser_main_extra_parts_metrics.cc(229)] crbug.com/1216328: Checking Bluetooth availability ended.
12월 29, 2021 16:28:11.342 [12116:7912:1229/162811.339:ERROR:chrome_browser_main_extra_parts_metrics.cc(232)] crbug.com/1216328: Checking default browser status started. Please report if there is no report that this ends.
12월 29, 2021 16:28:11.345 [12116:7912:1229/162811.344:ERROR:chrome_browser_main_extra_parts_metrics.cc(236)] crbug.com/1216328: Checking default browser status ended.
12월 29, 2021 16:28:11.381 [12116:6924:1229/162811.380:ERROR:device_event_log_impl.cc(214)] [16:28:11.380] Bluetooth: bluetooth_adapter_winrt.cc:1075 Getting Default Adapter failed.
12월 29, 2021 16:29:05.979 [12116:6924:1229/162905.979:ERROR:CONSOLE(1)] "console.assert", source: devtools://devtools/bundled/devtools-frontend/front_end/core/sdk/sdk.js (1)
12월 29, 2021 16:29:05.980 [12116:6924:1229/162905.979:ERROR:CONSOLE(0)] "TypeError: Cannot read properties of null (reading 'sourceURL')", source:  (0)
12월 29, 2021 16:30:25.923 [12116:6924:1229/163025.923:ERROR:CONSOLE(1)] "console.assert", source: devtools://devtools/bundled/devtools-frontend/front_end/core/sdk/sdk.js (1)
12월 29, 2021 16:30:25.923 [12116:6924:1229/163025.923:ERROR:CONSOLE(1)] "console.assert", source: devtools://devtools/bundled/devtools-frontend/front_end/core/sdk/sdk.js (1)
12월 29, 2021 16:30:25.924 [12116:6924:1229/163025.923:ERROR:CONSOLE(1)] "console.assert", source: devtools://devtools/bundled/devtools-frontend/front_end/core/sdk/sdk.js (1)
12월 29, 2021 16:30:25.924 [12116:6924:1229/163025.923:ERROR:CONSOLE(1)] "console.assert", source: devtools://devtools/bundled/devtools-frontend/front_end/core/sdk/sdk.js (1)
12월 29, 2021 16:30:25.925 [12116:6924:1229/163025.923:ERROR:CONSOLE(1)] "console.assert", source: devtools://devtools/bundled/devtools-frontend/front_end/core/sdk/sdk.js (1)
12월 29, 2021 16:31:13.920 [3776:12284:1229/163113.920:ERROR:chrome_browser_main_extra_parts_metrics.cc(226)] crbug.com/1216328: Checking Bluetooth availability started. Please report if there is no report that this ends.
12월 29, 2021 16:31:13.921 [3776:12284:1229/163113.920:ERROR:chrome_browser_main_extra_parts_metrics.cc(229)] crbug.com/1216328: Checking Bluetooth availability ended.
12월 29, 2021 16:31:13.922 [3776:12284:1229/163113.920:ERROR:chrome_browser_main_extra_parts_metrics.cc(232)] crbug.com/1216328: Checking default browser status started. Please report if there is no report that this ends.
12월 29, 2021 16:31:13.925 [3776:12284:1229/163113.924:ERROR:chrome_browser_main_extra_parts_metrics.cc(236)] crbug.com/1216328: Checking default browser status ended.
12월 29, 2021 16:31:13.971 [3776:6132:1229/163113.971:ERROR:device_event_log_impl.cc(214)] [16:31:13.972] Bluetooth: bluetooth_adapter_winrt.cc:1075 Getting Default Adapter failed.
12월 29, 2021 16:32:43.595 [6564:10164:1229/163243.594:ERROR:chrome_browser_main_extra_parts_metrics.cc(226)] crbug.com/1216328: Checking Bluetooth availability started. Please report if there is no report that this ends.
12월 29, 2021 16:32:43.596 [6564:10164:1229/163243.594:ERROR:chrome_browser_main_extra_parts_metrics.cc(229)] crbug.com/1216328: Checking Bluetooth availability ended.
12월 29, 2021 16:32:43.597 [6564:10164:1229/163243.594:ERROR:chrome_browser_main_extra_parts_metrics.cc(232)] crbug.com/1216328: Checking default browser status started. Please report if there is no report that this ends.
12월 29, 2021 16:32:43.600 [6564:10164:1229/163243.599:ERROR:chrome_browser_main_extra_parts_metrics.cc(236)] crbug.com/1216328: Checking default browser status ended.
12월 29, 2021 16:32:43.637 [6564:3956:1229/163243.636:ERROR:device_event_log_impl.cc(214)] [16:32:43.636] Bluetooth: bluetooth_adapter_winrt.cc:1075 Getting Default Adapter failed.
12월 29, 2021 16:33:24.249 [8976:7544:1229/163324.248:ERROR:chrome_browser_main_extra_parts_metrics.cc(226)] crbug.com/1216328: Checking Bluetooth availability started. Please report if there is no report that this ends.
12월 29, 2021 16:33:24.250 [8976:7544:1229/163324.248:ERROR:chrome_browser_main_extra_parts_metrics.cc(229)] crbug.com/1216328: Checking Bluetooth availability ended.
12월 29, 2021 16:33:24.251 [8976:7544:1229/163324.248:ERROR:chrome_browser_main_extra_parts_metrics.cc(232)] crbug.com/1216328: Checking default browser status started. Please report if there is no report that this ends.
12월 29, 2021 16:33:24.254 [8976:7544:1229/163324.253:ERROR:chrome_browser_main_extra_parts_metrics.cc(236)] crbug.com/1216328: Checking default browser status ended.
12월 29, 2021 16:33:24.304 [8976:10144:1229/163324.304:ERROR:device_event_log_impl.cc(214)] [16:33:24.305] Bluetooth: bluetooth_adapter_winrt.cc:1075 Getting Default Adapter failed.
12월 29, 2021 16:34:58.989 [7648:10684:1229/163458.987:ERROR:chrome_browser_main_extra_parts_metrics.cc(226)] crbug.com/1216328: Checking Bluetooth availability started. Please report if there is no report that this ends.
12월 29, 2021 16:34:58.990 [7648:10684:1229/163458.988:ERROR:chrome_browser_main_extra_parts_metrics.cc(229)] crbug.com/1216328: Checking Bluetooth availability ended.
12월 29, 2021 16:34:58.992 [7648:10684:1229/163458.988:ERROR:chrome_browser_main_extra_parts_metrics.cc(232)] crbug.com/1216328: Checking default browser status started. Please report if there is no report that this ends.
12월 29, 2021 16:34:58.994 [7648:10684:1229/163458.994:ERROR:chrome_browser_main_extra_parts_metrics.cc(236)] crbug.com/1216328: Checking default browser status ended.
12월 29, 2021 16:34:59.40 [7648:6420:1229/163459.040:ERROR:device_event_log_impl.cc(214)] [16:34:59.039] Bluetooth: bluetooth_adapter_winrt.cc:1075 Getting Default Adapter failed.
12월 29, 2021 16:48:25.358 [5780:7444:1229/164825.357:ERROR:chrome_browser_main_extra_parts_metrics.cc(226)] crbug.com/1216328: Checking Bluetooth availability started. Please report if there is no report that this ends.
12월 29, 2021 16:48:25.359 [5780:7444:1229/164825.357:ERROR:chrome_browser_main_extra_parts_metrics.cc(229)] crbug.com/1216328: Checking Bluetooth availability ended.
12월 29, 2021 16:48:25.360 [5780:7444:1229/164825.357:ERROR:chrome_browser_main_extra_parts_metrics.cc(232)] crbug.com/1216328: Checking default browser status started. Please report if there is no report that this ends.
12월 29, 2021 16:48:25.362 [5780:7444:1229/164825.361:ERROR:chrome_browser_main_extra_parts_metrics.cc(236)] crbug.com/1216328: Checking default browser status ended.
12월 29, 2021 16:48:25.402 [5780:6440:1229/164825.401:ERROR:device_event_log_impl.cc(214)] [16:48:25.402] Bluetooth: bluetooth_adapter_winrt.cc:1075 Getting Default Adapter failed.
12월 29, 2021 16:50:23.776 [12428:12924:1229/165023.775:ERROR:chrome_browser_main_extra_parts_metrics.cc(226)] crbug.com/1216328: Checking Bluetooth availability started. Please report if there is no report that this ends.
12월 29, 2021 16:50:23.777 [12428:12924:1229/165023.775:ERROR:chrome_browser_main_extra_parts_metrics.cc(229)] crbug.com/1216328: Checking Bluetooth availability ended.
12월 29, 2021 16:50:23.778 [12428:12924:1229/165023.775:ERROR:chrome_browser_main_extra_parts_metrics.cc(232)] crbug.com/1216328: Checking default browser status started. Please report if there is no report that this ends.
12월 29, 2021 16:50:23.781 [12428:12924:1229/165023.780:ERROR:chrome_browser_main_extra_parts_metrics.cc(236)] crbug.com/1216328: Checking default browser status ended.
12월 29, 2021 16:50:23.827 [12428:12840:1229/165023.827:ERROR:device_event_log_impl.cc(214)] [16:50:23.828] Bluetooth: bluetooth_adapter_winrt.cc:1075 Getting Default Adapter failed.
12월 29, 2021 16:53:42.117 [8680:8236:1229/165342.116:ERROR:chrome_browser_main_extra_parts_metrics.cc(226)] crbug.com/1216328: Checking Bluetooth availability started. Please report if there is no report that this ends.
12월 29, 2021 16:53:42.119 [8680:8236:1229/165342.116:ERROR:chrome_browser_main_extra_parts_metrics.cc(229)] crbug.com/1216328: Checking Bluetooth availability ended.
12월 29, 2021 16:53:42.120 [8680:8236:1229/165342.117:ERROR:chrome_browser_main_extra_parts_metrics.cc(232)] crbug.com/1216328: Checking default browser status started. Please report if there is no report that this ends.
12월 29, 2021 16:53:42.123 [8680:8236:1229/165342.122:ERROR:chrome_browser_main_extra_parts_metrics.cc(236)] crbug.com/1216328: Checking default browser status ended.
12월 29, 2021 16:53:42.157 [8680:7220:1229/165342.157:ERROR:device_event_log_impl.cc(214)] [16:53:42.156] Bluetooth: bluetooth_adapter_winrt.cc:1075 Getting Default Adapter failed.
12월 29, 2021 17:06:49.802 [3696:2992:1229/170649.802:ERROR:chrome_browser_main_extra_parts_metrics.cc(226)] crbug.com/1216328: Checking Bluetooth availability started. Please report if there is no report that this ends.
12월 29, 2021 17:06:49.804 [3696:2992:1229/170649.802:ERROR:chrome_browser_main_extra_parts_metrics.cc(229)] crbug.com/1216328: Checking Bluetooth availability ended.
12월 29, 2021 17:06:49.805 [3696:2992:1229/170649.802:ERROR:chrome_browser_main_extra_parts_metrics.cc(232)] crbug.com/1216328: Checking default browser status started. Please report if there is no report that this ends.
12월 29, 2021 17:06:49.807 [3696:2992:1229/170649.807:ERROR:chrome_browser_main_extra_parts_metrics.cc(236)] crbug.com/1216328: Checking default browser status ended.
12월 29, 2021 17:06:49.841 [3696:8940:1229/170649.841:ERROR:device_event_log_impl.cc(214)] [17:06:49.841] Bluetooth: bluetooth_adapter_winrt.cc:1075 Getting Default Adapter failed.
12월 29, 2021 17:08:57.953 [11268:4372:1229/170857.952:ERROR:chrome_browser_main_extra_parts_metrics.cc(226)] crbug.com/1216328: Checking Bluetooth availability started. Please report if there is no report that this ends.
12월 29, 2021 17:08:57.954 [11268:4372:1229/170857.952:ERROR:chrome_browser_main_extra_parts_metrics.cc(229)] crbug.com/1216328: Checking Bluetooth availability ended.
12월 29, 2021 17:08:57.955 [11268:4372:1229/170857.952:ERROR:chrome_browser_main_extra_parts_metrics.cc(232)] crbug.com/1216328: Checking default browser status started. Please report if there is no report that this ends.
12월 29, 2021 17:08:57.957 [11268:4372:1229/170857.956:ERROR:chrome_browser_main_extra_parts_metrics.cc(236)] crbug.com/1216328: Checking default browser status ended.
12월 29, 2021 17:08:57.993 [11268:3116:1229/170857.993:ERROR:device_event_log_impl.cc(214)] [17:08:57.992] Bluetooth: bluetooth_adapter_winrt.cc:1075 Getting Default Adapter failed.
12월 29, 2021 17:35:22.129 [9820:6204:1229/173522.128:ERROR:chrome_browser_main_extra_parts_metrics.cc(226)] crbug.com/1216328: Checking Bluetooth availability started. Please report if there is no report that this ends.
12월 29, 2021 17:35:22.130 [9820:6204:1229/173522.128:ERROR:chrome_browser_main_extra_parts_metrics.cc(229)] crbug.com/1216328: Checking Bluetooth availability ended.
12월 29, 2021 17:35:22.131 [9820:6204:1229/173522.128:ERROR:chrome_browser_main_extra_parts_metrics.cc(232)] crbug.com/1216328: Checking default browser status started. Please report if there is no report that this ends.
12월 29, 2021 17:35:22.134 [9820:6204:1229/173522.133:ERROR:chrome_browser_main_extra_parts_metrics.cc(236)] crbug.com/1216328: Checking default browser status ended.
12월 29, 2021 17:35:22.177 [9820:7216:1229/173522.177:ERROR:device_event_log_impl.cc(214)] [17:35:22.177] Bluetooth: bluetooth_adapter_winrt.cc:1075 Getting Default Adapter failed.

12월 30, 2021 15:07:26.561 NEW SESSION
12월 30, 2021 15:07:26.562 [2700:8696:1230/150726.553:ERROR:chrome_browser_main_extra_parts_metrics.cc(226)] crbug.com/1216328: Checking Bluetooth availability started. Please report if there is no report that this ends.
12월 30, 2021 15:07:26.562 [2700:8696:1230/150726.553:ERROR:chrome_browser_main_extra_parts_metrics.cc(229)] crbug.com/1216328: Checking Bluetooth availability ended.
12월 30, 2021 15:07:26.562 [2700:8696:1230/150726.553:ERROR:chrome_browser_main_extra_parts_metrics.cc(232)] crbug.com/1216328: Checking default browser status started. Please report if there is no report that this ends.
12월 30, 2021 15:07:26.562 [2700:8696:1230/150726.554:ERROR:chrome_browser_main_extra_parts_metrics.cc(236)] crbug.com/1216328: Checking default browser status ended.
12월 30, 2021 15:07:26.570 [2700:10344:1230/150726.569:ERROR:device_event_log_impl.cc(214)] [15:07:26.569] Bluetooth: bluetooth_adapter_winrt.cc:1075 Getting Default Adapter failed.
12월 30, 2021 15:22:50.426 [2700:10344:1230/152250.426:ERROR:interface_endpoint_client.cc(658)] Message 0 rejected by interface blink.mojom.WidgetHost

1월 03, 2022 17:32:40.274 NEW SESSION
1월 03, 2022 17:32:40.274 [12116:7296:0103/173240.247:ERROR:chrome_browser_main_extra_parts_metrics.cc(226)] crbug.com/1216328: Checking Bluetooth availability started. Please report if there is no report that this ends.
1월 03, 2022 17:32:40.275 [12116:7296:0103/173240.247:ERROR:chrome_browser_main_extra_parts_metrics.cc(229)] crbug.com/1216328: Checking Bluetooth availability ended.
1월 03, 2022 17:32:40.275 [12116:7296:0103/173240.247:ERROR:chrome_browser_main_extra_parts_metrics.cc(232)] crbug.com/1216328: Checking default browser status started. Please report if there is no report that this ends.
1월 03, 2022 17:32:40.276 [12116:7296:0103/173240.251:ERROR:chrome_browser_main_extra_parts_metrics.cc(236)] crbug.com/1216328: Checking default browser status ended.
1월 03, 2022 17:32:40.290 [12116:5992:0103/173240.289:ERROR:device_event_log_impl.cc(214)] [17:32:40.290] Bluetooth: bluetooth_adapter_winrt.cc:1075 Getting Default Adapter failed.

1월 05, 2022 16:03:50.411 NEW SESSION
1월 05, 2022 16:03:50.411 [12560:15136:0105/160350.409:ERROR:chrome_browser_main_extra_parts_metrics.cc(226)] crbug.com/1216328: Checking Bluetooth availability started. Please report if there is no report that this ends.
1월 05, 2022 16:03:50.412 [12560:15136:0105/160350.409:ERROR:chrome_browser_main_extra_parts_metrics.cc(229)] crbug.com/1216328: Checking Bluetooth availability ended.
1월 05, 2022 16:03:50.413 [12560:15136:0105/160350.409:ERROR:chrome_browser_main_extra_parts_metrics.cc(232)] crbug.com/1216328: Checking default browser status started. Please report if there is no report that this ends.
1월 05, 2022 16:03:50.413 [12560:15136:0105/160350.411:ERROR:chrome_browser_main_extra_parts_metrics.cc(236)] crbug.com/1216328: Checking default browser status ended.
1월 05, 2022 16:03:50.436 [12560:15332:0105/160350.435:ERROR:device_event_log_impl.cc(214)] [16:03:50.435] Bluetooth: bluetooth_adapter_winrt.cc:1075 Getting Default Adapter failed.
1월 05, 2022 16:26:58.413 [10644:12368:0105/162658.412:ERROR:chrome_browser_main_extra_parts_metrics.cc(226)] crbug.com/1216328: Checking Bluetooth availability started. Please report if there is no report that this ends.
1월 05, 2022 16:26:58.414 [10644:12368:0105/162658.412:ERROR:chrome_browser_main_extra_parts_metrics.cc(229)] crbug.com/1216328: Checking Bluetooth availability ended.
1월 05, 2022 16:26:58.415 [10644:12368:0105/162658.412:ERROR:chrome_browser_main_extra_parts_metrics.cc(232)] crbug.com/1216328: Checking default browser status started. Please report if there is no report that this ends.
1월 05, 2022 16:26:58.418 [10644:12368:0105/162658.417:ERROR:chrome_browser_main_extra_parts_metrics.cc(236)] crbug.com/1216328: Checking default browser status ended.
1월 05, 2022 16:26:58.461 [10644:5748:0105/162658.460:ERROR:device_event_log_impl.cc(214)] [16:26:58.460] Bluetooth: bluetooth_adapter_winrt.cc:1075 Getting Default Adapter failed.

1월 06, 2022 17:13:46.381 NEW SESSION
1월 06, 2022 17:13:46.381 [11412:9564:0106/171346.368:ERROR:chrome_browser_main_extra_parts_metrics.cc(226)] crbug.com/1216328: Checking Bluetooth availability started. Please report if there is no report that this ends.
1월 06, 2022 17:13:46.382 [11412:9564:0106/171346.368:ERROR:chrome_browser_main_extra_parts_metrics.cc(229)] crbug.com/1216328: Checking Bluetooth availability ended.
1월 06, 2022 17:13:46.382 [11412:9564:0106/171346.368:ERROR:chrome_browser_main_extra_parts_metrics.cc(232)] crbug.com/1216328: Checking default browser status started. Please report if there is no report that this ends.
1월 06, 2022 17:13:46.382 [11412:9564:0106/171346.369:ERROR:chrome_browser_main_extra_parts_metrics.cc(236)] crbug.com/1216328: Checking default browser status ended.
1월 06, 2022 17:13:46.385 [11412:3328:0106/171346.385:ERROR:device_event_log_impl.cc(214)] [17:13:46.385] Bluetooth: bluetooth_adapter_winrt.cc:1075 Getting Default Adapter failed.
1월 06, 2022 17:14:04.171 [10932:1580:0106/171404.170:ERROR:chrome_browser_main_extra_parts_metrics.cc(226)] crbug.com/1216328: Checking Bluetooth availability started. Please report if there is no report that this ends.
1월 06, 2022 17:14:04.173 [10932:1580:0106/171404.170:ERROR:chrome_browser_main_extra_parts_metrics.cc(229)] crbug.com/1216328: Checking Bluetooth availability ended.
1월 06, 2022 17:14:04.174 [10932:1580:0106/171404.170:ERROR:chrome_browser_main_extra_parts_metrics.cc(232)] crbug.com/1216328: Checking default browser status started. Please report if there is no report that this ends.
1월 06, 2022 17:14:04.177 [10932:1580:0106/171404.176:ERROR:chrome_browser_main_extra_parts_metrics.cc(236)] crbug.com/1216328: Checking default browser status ended.
1월 06, 2022 17:14:04.218 [10932:12992:0106/171404.217:ERROR:device_event_log_impl.cc(214)] [17:14:04.217] Bluetooth: bluetooth_adapter_winrt.cc:1075 Getting Default Adapter failed.

1월 06, 2022 17:15:49.179 NEW SESSION
1월 06, 2022 17:15:49.179 [8184:11616:0106/171549.176:ERROR:chrome_browser_main_extra_parts_metrics.cc(226)] crbug.com/1216328: Checking Bluetooth availability started. Please report if there is no report that this ends.
1월 06, 2022 17:15:49.181 [8184:11616:0106/171549.176:ERROR:chrome_browser_main_extra_parts_metrics.cc(229)] crbug.com/1216328: Checking Bluetooth availability ended.
1월 06, 2022 17:15:49.182 [8184:11616:0106/171549.176:ERROR:chrome_browser_main_extra_parts_metrics.cc(232)] crbug.com/1216328: Checking default browser status started. Please report if there is no report that this ends.
1월 06, 2022 17:15:49.183 [8184:11616:0106/171549.181:ERROR:chrome_browser_main_extra_parts_metrics.cc(236)] crbug.com/1216328: Checking default browser status ended.
1월 06, 2022 17:15:49.231 [8184:3392:0106/171549.231:ERROR:device_event_log_impl.cc(214)] [17:15:49.230] Bluetooth: bluetooth_adapter_winrt.cc:1075 Getting Default Adapter failed.

1월 11, 2022 15:05:40.35 NEW SESSION
1월 11, 2022 15:05:40.35 [5492:6904:0111/150540.033:ERROR:chrome_browser_main_extra_parts_metrics.cc(227)] START: ReportBluetoothAvailability(). If you don't see the END: message, this is crbug.com/1216328.
1월 11, 2022 15:05:40.37 [5492:6904:0111/150540.033:ERROR:chrome_browser_main_extra_parts_metrics.cc(230)] END: ReportBluetoothAvailability()
1월 11, 2022 15:05:40.37 [5492:6904:0111/150540.033:ERROR:chrome_browser_main_extra_parts_metrics.cc(235)] START: GetDefaultBrowser(). If you don't see the END: message, this is crbug.com/1216328.
1월 11, 2022 15:05:40.38 [5492:6904:0111/150540.036:ERROR:chrome_browser_main_extra_parts_metrics.cc(239)] END: GetDefaultBrowser()
1월 11, 2022 15:05:40.76 [5492:524:0111/150540.075:ERROR:device_event_log_impl.cc(214)] [15:05:40.075] Bluetooth: bluetooth_adapter_winrt.cc:1075 Getting Default Adapter failed.
